# JRE version: Java(TM) SE Runtime Environment (8.0_40-b26) (build 1.8.0_40-b26)
# Java VM: Java HotSpot(TM) 64-Bit Server VM (25.40-b25 mixed mode windows-amd64 compressed oops)
Heap:
 PSYoungGen      total 288768K, used 105608K [0x00000000eab00000, 0x0000000100000000, 0x0000000100000000)
  eden space 233984K, 24% used [0x00000000eab00000,0x00000000ee25cdf8,0x00000000f8f80000)
  from space 54784K, 89% used [0x00000000f8f80000,0x00000000fbf45278,0x00000000fc500000)
  to   space 58368K, 0% used [0x00000000fc700000,0x00000000fc700000,0x0000000100000000)
 ParOldGen       total 199680K, used 145319K [0x00000000c0000000, 0x00000000cc300000, 0x00000000eab00000)
  object space 199680K, 72% used [0x00000000c0000000,0x00000000c8de9f50,0x00000000cc300000)
 Metaspace       used 138088K, capacity 147840K, committed 147968K, reserved 1175552K
  class space    used 19013K, capacity 22457K, committed 22528K, reserved 1048576K
GC Heap History (10 events):
Event: 1732.103 GC heap before
{Heap before GC invocations=53 (full 10):
 PSYoungGen      total 286720K, used 268070K [0x00000000eab00000, 0x0000000100000000, 0x0000000100000000)
  eden space 225792K, 100% used [0x00000000eab00000,0x00000000f8780000,0x00000000f8780000)
  from space 60928K, 69% used [0x00000000fc380000,0x00000000fecc9a10,0x00000000fff00000)
  to   space 61440K, 0% used [0x00000000f8780000,0x00000000f8780000,0x00000000fc380000)
 ParOldGen       total 199680K, used 145295K [0x00000000c0000000, 0x00000000cc300000, 0x00000000eab00000)
  object space 199680K, 72% used [0x00000000c0000000,0x00000000c8de3f50,0x00000000cc300000)
 Metaspace       used 129006K, capacity 137592K, committed 137984K, reserved 1167360K
  class space    used 17813K, capacity 20813K, committed 20992K, reserved 1048576K
Event: 1732.138 GC heap after
Heap after GC invocations=53 (full 10):
 PSYoungGen      total 262144K, used 36236K [0x00000000eab00000, 0x00000000ffc80000, 0x0000000100000000)
  eden space 225792K, 0% used [0x00000000eab00000,0x00000000eab00000,0x00000000f8780000)
  from space 36352K, 99% used [0x00000000f8780000,0x00000000faae3348,0x00000000fab00000)
  to   space 59392K, 0% used [0x00000000fc280000,0x00000000fc280000,0x00000000ffc80000)
 ParOldGen       total 199680K, used 145303K [0x00000000c0000000, 0x00000000cc300000, 0x00000000eab00000)
  object space 199680K, 72% used [0x00000000c0000000,0x00000000c8de5f50,0x00000000cc300000)
 Metaspace       used 129006K, capacity 137592K, committed 137984K, reserved 1167360K
  class space    used 17813K, capacity 20813K, committed 20992K, reserved 1048576K
}
Event: 1734.816 GC heap before
{Heap before GC invocations=54 (full 10):
 PSYoungGen      total 262144K, used 262028K [0x00000000eab00000, 0x00000000ffc80000, 0x0000000100000000)
  eden space 225792K, 100% used [0x00000000eab00000,0x00000000f8780000,0x00000000f8780000)
  from space 36352K, 99% used [0x00000000f8780000,0x00000000faae3348,0x00000000fab00000)
  to   space 59392K, 0% used [0x00000000fc280000,0x00000000fc280000,0x00000000ffc80000)
 ParOldGen       total 199680K, used 145303K [0x00000000c0000000, 0x00000000cc300000, 0x00000000eab00000)
  object space 199680K, 72% used [0x00000000c0000000,0x00000000c8de5f50,0x00000000cc300000)
 Metaspace       used 129039K, capacity 137656K, committed 138240K, reserved 1167360K
  class space    used 17814K, capacity 20813K, committed 20992K, reserved 1048576K
Event: 1734.907 GC heap after
Heap after GC invocations=54 (full 10):
 PSYoungGen      total 288256K, used 36260K [0x00000000eab00000, 0x0000000100000000, 0x0000000100000000)
  eden space 228864K, 0% used [0x00000000eab00000,0x00000000eab00000,0x00000000f8a80000)
  from space 59392K, 61% used [0x00000000fc280000,0x00000000fe5e92f0,0x00000000ffc80000)
  to   space 57344K, 0% used [0x00000000f8a80000,0x00000000f8a80000,0x00000000fc280000)
 ParOldGen       total 199680K, used 145303K [0x00000000c0000000, 0x00000000cc300000, 0x00000000eab00000)
  object space 199680K, 72% used [0x00000000c0000000,0x00000000c8de5f50,0x00000000cc300000)
 Metaspace       used 129039K, capacity 137656K, committed 138240K, reserved 1167360K
  class space    used 17814K, capacity 20813K, committed 20992K, reserved 1048576K
}
Event: 1808.756 GC heap before
{Heap before GC invocations=55 (full 10):
 PSYoungGen      total 288256K, used 265124K [0x00000000eab00000, 0x0000000100000000, 0x0000000100000000)
  eden space 228864K, 100% used [0x00000000eab00000,0x00000000f8a80000,0x00000000f8a80000)
  from space 59392K, 61% used [0x00000000fc280000,0x00000000fe5e92f0,0x00000000ffc80000)
  to   space 57344K, 0% used [0x00000000f8a80000,0x00000000f8a80000,0x00000000fc280000)
 ParOldGen       total 199680K, used 145303K [0x00000000c0000000, 0x00000000cc300000, 0x00000000eab00000)
  object space 199680K, 72% used [0x00000000c0000000,0x00000000c8de5f50,0x00000000cc300000)
 Metaspace       used 130499K, capacity 139424K, committed 139648K, reserved 1167360K
  class space    used 17939K, capacity 21022K, committed 21120K, reserved 1048576K
Event: 1808.792 GC heap after
Heap after GC invocations=55 (full 10):
 PSYoungGen      total 286208K, used 28745K [0x00000000eab00000, 0x00000000ffc00000, 0x0000000100000000)
  eden space 228864K, 0% used [0x00000000eab00000,0x00000000eab00000,0x00000000f8a80000)
  from space 57344K, 50% used [0x00000000f8a80000,0x00000000fa6924a0,0x00000000fc280000)
  to   space 56320K, 0% used [0x00000000fc500000,0x00000000fc500000,0x00000000ffc00000)
 ParOldGen       total 199680K, used 145311K [0x00000000c0000000, 0x00000000cc300000, 0x00000000eab00000)
  object space 199680K, 72% used [0x00000000c0000000,0x00000000c8de7f50,0x00000000cc300000)
 Metaspace       used 130499K, capacity 139424K, committed 139648K, reserved 1167360K
  class space    used 17939K, capacity 21022K, committed 21120K, reserved 1048576K
}
Event: 1810.670 GC heap before
{Heap before GC invocations=56 (full 10):
 PSYoungGen      total 286208K, used 257609K [0x00000000eab00000, 0x00000000ffc00000, 0x0000000100000000)
  eden space 228864K, 100% used [0x00000000eab00000,0x00000000f8a80000,0x00000000f8a80000)
  from space 57344K, 50% used [0x00000000f8a80000,0x00000000fa6924a0,0x00000000fc280000)
  to   space 56320K, 0% used [0x00000000fc500000,0x00000000fc500000,0x00000000ffc00000)
 ParOldGen       total 199680K, used 145311K [0x00000000c0000000, 0x00000000cc300000, 0x00000000eab00000)
  object space 199680K, 72% used [0x00000000c0000000,0x00000000c8de7f50,0x00000000cc300000)
 Metaspace       used 130795K, capacity 139908K, committed 140032K, reserved 1167360K
  class space    used 17974K, capacity 21130K, committed 21248K, reserved 1048576K
Event: 1810.716 GC heap after
Heap after GC invocations=56 (full 10):
 PSYoungGen      total 290304K, used 29374K [0x00000000eab00000, 0x00000000ffc00000, 0x0000000100000000)
  eden space 233984K, 0% used [0x00000000eab00000,0x00000000eab00000,0x00000000f8f80000)
  from space 56320K, 52% used [0x00000000fc500000,0x00000000fe1af808,0x00000000ffc00000)
  to   space 54784K, 0% used [0x00000000f8f80000,0x00000000f8f80000,0x00000000fc500000)
 ParOldGen       total 199680K, used 145311K [0x00000000c0000000, 0x00000000cc300000, 0x00000000eab00000)
  object space 199680K, 72% used [0x00000000c0000000,0x00000000c8de7f50,0x00000000cc300000)
 Metaspace       used 130795K, capacity 139908K, committed 140032K, reserved 1167360K
  class space    used 17974K, capacity 21130K, committed 21248K, reserved 1048576K
}
Event: 1814.516 GC heap before
{Heap before GC invocations=57 (full 10):
 PSYoungGen      total 290304K, used 263358K [0x00000000eab00000, 0x00000000ffc00000, 0x0000000100000000)
  eden space 233984K, 100% used [0x00000000eab00000,0x00000000f8f80000,0x00000000f8f80000)
  from space 56320K, 52% used [0x00000000fc500000,0x00000000fe1af808,0x00000000ffc00000)
  to   space 54784K, 0% used [0x00000000f8f80000,0x00000000f8f80000,0x00000000fc500000)
 ParOldGen       total 199680K, used 145311K [0x00000000c0000000, 0x00000000cc300000, 0x00000000eab00000)
  object space 199680K, 72% used [0x00000000c0000000,0x00000000c8de7f50,0x00000000cc300000)
 Metaspace       used 137475K, capacity 147162K, committed 147328K, reserved 1173504K
  class space    used 18921K, capacity 22335K, committed 22400K, reserved 1048576K
Event: 1814.579 GC heap after
Heap after GC invocations=57 (full 10):
 PSYoungGen      total 288768K, used 48916K [0x00000000eab00000, 0x0000000100000000, 0x0000000100000000)
  eden space 233984K, 0% used [0x00000000eab00000,0x00000000eab00000,0x00000000f8f80000)
  from space 54784K, 89% used [0x00000000f8f80000,0x00000000fbf45278,0x00000000fc500000)
  to   space 58368K, 0% used [0x00000000fc700000,0x00000000fc700000,0x0000000100000000)
 ParOldGen       total 199680K, used 145319K [0x00000000c0000000, 0x00000000cc300000, 0x00000000eab00000)
  object space 199680K, 72% used [0x00000000c0000000,0x00000000c8de9f50,0x00000000cc300000)
 Metaspace       used 137475K, capacity 147162K, committed 147328K, reserved 1173504K
  class space    used 18921K, capacity 22335K, committed 22400K, reserved 1048576K
}

