# JRE version: Java(TM) SE Runtime Environment (8.0_40-b26) (build 1.8.0_40-b26)
# Java VM: Java HotSpot(TM) 64-Bit Server VM (25.40-b25 mixed mode windows-amd64 compressed oops)
Heap:
 PSYoungGen      total 62976K, used 39902K [0x00000000eab00000, 0x00000000efe00000, 0x0000000100000000)
  eden space 57344K, 67% used [0x00000000eab00000,0x00000000ed0afb08,0x00000000ee300000)
  from space 5632K, 23% used [0x00000000ee300000,0x00000000ee448030,0x00000000ee880000)
  to   space 6144K, 0% used [0x00000000ef800000,0x00000000ef800000,0x00000000efe00000)
 ParOldGen       total 32768K, used 9688K [0x00000000c0000000, 0x00000000c2000000, 0x00000000eab00000)
  object space 32768K, 29% used [0x00000000c0000000,0x00000000c0976028,0x00000000c2000000)
 Metaspace       used 21906K, capacity 22316K, committed 22656K, reserved 1069056K
  class space    used 2928K, capacity 3082K, committed 3200K, reserved 1048576K
GC Heap History (10 events):
Event: 5.762 GC heap before
{Heap before GC invocations=6 (full 0):
 PSYoungGen      total 17408K, used 17400K [0x00000000eab00000, 0x00000000ed400000, 0x0000000100000000)
  eden space 15360K, 100% used [0x00000000eab00000,0x00000000eba00000,0x00000000eba00000)
  from space 2048K, 99% used [0x00000000eba00000,0x00000000ebbfe030,0x00000000ebc00000)
  to   space 5632K, 0% used [0x00000000ece80000,0x00000000ece80000,0x00000000ed400000)
 ParOldGen       total 39936K, used 10775K [0x00000000c0000000, 0x00000000c2700000, 0x00000000eab00000)
  object space 39936K, 26% used [0x00000000c0000000,0x00000000c0a85d30,0x00000000c2700000)
 Metaspace       used 18782K, capacity 19232K, committed 19456K, reserved 1067008K
  class space    used 2568K, capacity 2696K, committed 2816K, reserved 1048576K
Event: 5.769 GC heap after
Heap after GC invocations=6 (full 0):
 PSYoungGen      total 36352K, used 3805K [0x00000000eab00000, 0x00000000ed400000, 0x0000000100000000)
  eden space 30720K, 0% used [0x00000000eab00000,0x00000000eab00000,0x00000000ec900000)
  from space 5632K, 67% used [0x00000000ece80000,0x00000000ed2377c0,0x00000000ed400000)
  to   space 5632K, 0% used [0x00000000ec900000,0x00000000ec900000,0x00000000ece80000)
 ParOldGen       total 39936K, used 10775K [0x00000000c0000000, 0x00000000c2700000, 0x00000000eab00000)
  object space 39936K, 26% used [0x00000000c0000000,0x00000000c0a85d30,0x00000000c2700000)
 Metaspace       used 18782K, capacity 19232K, committed 19456K, reserved 1067008K
  class space    used 2568K, capacity 2696K, committed 2816K, reserved 1048576K
}
Event: 6.059 GC heap before
{Heap before GC invocations=7 (full 0):
 PSYoungGen      total 36352K, used 13767K [0x00000000eab00000, 0x00000000ed400000, 0x0000000100000000)
  eden space 30720K, 32% used [0x00000000eab00000,0x00000000eb4ba6d0,0x00000000ec900000)
  from space 5632K, 67% used [0x00000000ece80000,0x00000000ed2377c0,0x00000000ed400000)
  to   space 5632K, 0% used [0x00000000ec900000,0x00000000ec900000,0x00000000ece80000)
 ParOldGen       total 39936K, used 10775K [0x00000000c0000000, 0x00000000c2700000, 0x00000000eab00000)
  object space 39936K, 26% used [0x00000000c0000000,0x00000000c0a85d30,0x00000000c2700000)
 Metaspace       used 20738K, capacity 21126K, committed 21296K, reserved 1067008K
  class space    used 2819K, capacity 2985K, committed 3072K, reserved 1048576K
Event: 6.068 GC heap after
Heap after GC invocations=7 (full 0):
 PSYoungGen      total 36352K, used 3761K [0x00000000eab00000, 0x00000000ef200000, 0x0000000100000000)
  eden space 30720K, 0% used [0x00000000eab00000,0x00000000eab00000,0x00000000ec900000)
  from space 5632K, 66% used [0x00000000ec900000,0x00000000eccac778,0x00000000ece80000)
  to   space 5632K, 0% used [0x00000000eec80000,0x00000000eec80000,0x00000000ef200000)
 ParOldGen       total 39936K, used 11622K [0x00000000c0000000, 0x00000000c2700000, 0x00000000eab00000)
  object space 39936K, 29% used [0x00000000c0000000,0x00000000c0b598d0,0x00000000c2700000)
 Metaspace       used 20738K, capacity 21126K, committed 21296K, reserved 1067008K
  class space    used 2819K, capacity 2985K, committed 3072K, reserved 1048576K
}
Event: 6.068 GC heap before
{Heap before GC invocations=8 (full 1):
 PSYoungGen      total 36352K, used 3761K [0x00000000eab00000, 0x00000000ef200000, 0x0000000100000000)
  eden space 30720K, 0% used [0x00000000eab00000,0x00000000eab00000,0x00000000ec900000)
  from space 5632K, 66% used [0x00000000ec900000,0x00000000eccac778,0x00000000ece80000)
  to   space 5632K, 0% used [0x00000000eec80000,0x00000000eec80000,0x00000000ef200000)
 ParOldGen       total 39936K, used 11622K [0x00000000c0000000, 0x00000000c2700000, 0x00000000eab00000)
  object space 39936K, 29% used [0x00000000c0000000,0x00000000c0b598d0,0x00000000c2700000)
 Metaspace       used 20738K, capacity 21126K, committed 21296K, reserved 1067008K
  class space    used 2819K, capacity 2985K, committed 3072K, reserved 1048576K
Event: 6.120 GC heap after
Heap after GC invocations=8 (full 1):
 PSYoungGen      total 36352K, used 0K [0x00000000eab00000, 0x00000000ef200000, 0x0000000100000000)
  eden space 30720K, 0% used [0x00000000eab00000,0x00000000eab00000,0x00000000ec900000)
  from space 5632K, 0% used [0x00000000ec900000,0x00000000ec900000,0x00000000ece80000)
  to   space 5632K, 0% used [0x00000000eec80000,0x00000000eec80000,0x00000000ef200000)
 ParOldGen       total 32768K, used 9672K [0x00000000c0000000, 0x00000000c2000000, 0x00000000eab00000)
  object space 32768K, 29% used [0x00000000c0000000,0x00000000c0972028,0x00000000c2000000)
 Metaspace       used 20738K, capacity 21126K, committed 21296K, reserved 1067008K
  class space    used 2819K, capacity 2985K, committed 3072K, reserved 1048576K
}
Event: 6.681 GC heap before
{Heap before GC invocations=9 (full 1):
 PSYoungGen      total 36352K, used 30720K [0x00000000eab00000, 0x00000000ef200000, 0x0000000100000000)
  eden space 30720K, 100% used [0x00000000eab00000,0x00000000ec900000,0x00000000ec900000)
  from space 5632K, 0% used [0x00000000ec900000,0x00000000ec900000,0x00000000ece80000)
  to   space 5632K, 0% used [0x00000000eec80000,0x00000000eec80000,0x00000000ef200000)
 ParOldGen       total 32768K, used 9672K [0x00000000c0000000, 0x00000000c2000000, 0x00000000eab00000)
  object space 32768K, 29% used [0x00000000c0000000,0x00000000c0972028,0x00000000c2000000)
 Metaspace       used 21567K, capacity 22028K, committed 22272K, reserved 1069056K
  class space    used 2903K, capacity 3050K, committed 3072K, reserved 1048576K
Event: 6.685 GC heap after
Heap after GC invocations=9 (full 1):
 PSYoungGen      total 53248K, used 1524K [0x00000000eab00000, 0x00000000eee00000, 0x0000000100000000)
  eden space 51712K, 0% used [0x00000000eab00000,0x00000000eab00000,0x00000000edd80000)
  from space 1536K, 99% used [0x00000000eec80000,0x00000000eedfd118,0x00000000eee00000)
  to   space 5632K, 0% used [0x00000000ee300000,0x00000000ee300000,0x00000000ee880000)
 ParOldGen       total 32768K, used 9680K [0x00000000c0000000, 0x00000000c2000000, 0x00000000eab00000)
  object space 32768K, 29% used [0x00000000c0000000,0x00000000c0974028,0x00000000c2000000)
 Metaspace       used 21567K, capacity 22028K, committed 22272K, reserved 1069056K
  class space    used 2903K, capacity 3050K, committed 3072K, reserved 1048576K
}
Event: 7.001 GC heap before
{Heap before GC invocations=10 (full 1):
 PSYoungGen      total 53248K, used 53236K [0x00000000eab00000, 0x00000000eee00000, 0x0000000100000000)
  eden space 51712K, 100% used [0x00000000eab00000,0x00000000edd80000,0x00000000edd80000)
  from space 1536K, 99% used [0x00000000eec80000,0x00000000eedfd118,0x00000000eee00000)
  to   space 5632K, 0% used [0x00000000ee300000,0x00000000ee300000,0x00000000ee880000)
 ParOldGen       total 32768K, used 9680K [0x00000000c0000000, 0x00000000c2000000, 0x00000000eab00000)
  object space 32768K, 29% used [0x00000000c0000000,0x00000000c0974028,0x00000000c2000000)
 Metaspace       used 21619K, capacity 22028K, committed 22272K, reserved 1069056K
  class space    used 2903K, capacity 3050K, committed 3072K, reserved 1048576K
Event: 7.005 GC heap after
Heap after GC invocations=10 (full 1):
 PSYoungGen      total 62976K, used 1312K [0x00000000eab00000, 0x00000000efe00000, 0x0000000100000000)
  eden space 57344K, 0% used [0x00000000eab00000,0x00000000eab00000,0x00000000ee300000)
  from space 5632K, 23% used [0x00000000ee300000,0x00000000ee448030,0x00000000ee880000)
  to   space 6144K, 0% used [0x00000000ef800000,0x00000000ef800000,0x00000000efe00000)
 ParOldGen       total 32768K, used 9688K [0x00000000c0000000, 0x00000000c2000000, 0x00000000eab00000)
  object space 32768K, 29% used [0x00000000c0000000,0x00000000c0976028,0x00000000c2000000)
 Metaspace       used 21619K, capacity 22028K, committed 22272K, reserved 1069056K
  class space    used 2903K, capacity 3050K, committed 3072K, reserved 1048576K
}

