# JRE version: Java(TM) SE Runtime Environment (8.0_40-b26) (build 1.8.0_40-b26)
# Java VM: Java HotSpot(TM) 64-Bit Server VM (25.40-b25 mixed mode windows-amd64 compressed oops)
Heap:
 PSYoungGen      total 81920K, used 53080K [0x00000000eab00000, 0x00000000f8900000, 0x0000000100000000)
  eden space 78336K, 67% used [0x00000000eab00000,0x00000000eded6370,0x00000000ef780000)
  from space 3584K, 0% used [0x00000000f0a80000,0x00000000f0a80000,0x00000000f0e00000)
  to   space 19456K, 0% used [0x00000000ef780000,0x00000000ef780000,0x00000000f0a80000)
 ParOldGen       total 61440K, used 31584K [0x00000000c0000000, 0x00000000c3c00000, 0x00000000eab00000)
  object space 61440K, 51% used [0x00000000c0000000,0x00000000c1ed8118,0x00000000c3c00000)
 Metaspace       used 8264K, capacity 8456K, committed 8576K, reserved 1056768K
  class space    used 784K, capacity 819K, committed 896K, reserved 1048576K
GC Heap History (10 events):
Event: 3.914 GC heap before
{Heap before GC invocations=5 (full 0):
 PSYoungGen      total 97792K, used 97336K [0x00000000eab00000, 0x00000000f0e00000, 0x0000000100000000)
  eden space 94208K, 99% used [0x00000000eab00000,0x00000000f06962e8,0x00000000f0700000)
  from space 3584K, 99% used [0x00000000f0a80000,0x00000000f0df8018,0x00000000f0e00000)
  to   space 3584K, 0% used [0x00000000f0700000,0x00000000f0700000,0x00000000f0a80000)
 ParOldGen       total 61440K, used 21297K [0x00000000c0000000, 0x00000000c3c00000, 0x00000000eab00000)
  object space 61440K, 34% used [0x00000000c0000000,0x00000000c14cc7c0,0x00000000c3c00000)
 Metaspace       used 8042K, capacity 8386K, committed 8576K, reserved 1056768K
  class space    used 775K, capacity 818K, committed 896K, reserved 1048576K
Event: 3.948 GC heap after
Heap after GC invocations=5 (full 0):
 PSYoungGen      total 97792K, used 3570K [0x00000000eab00000, 0x00000000f0e00000, 0x0000000100000000)
  eden space 94208K, 0% used [0x00000000eab00000,0x00000000eab00000,0x00000000f0700000)
  from space 3584K, 99% used [0x00000000f0700000,0x00000000f0a7c888,0x00000000f0a80000)
  to   space 3584K, 0% used [0x00000000f0a80000,0x00000000f0a80000,0x00000000f0e00000)
 ParOldGen       total 61440K, used 37159K [0x00000000c0000000, 0x00000000c3c00000, 0x00000000eab00000)
  object space 61440K, 60% used [0x00000000c0000000,0x00000000c2449d20,0x00000000c3c00000)
 Metaspace       used 8042K, capacity 8386K, committed 8576K, reserved 1056768K
  class space    used 775K, capacity 818K, committed 896K, reserved 1048576K
}
Event: 4.391 GC heap before
{Heap before GC invocations=6 (full 0):
 PSYoungGen      total 97792K, used 97778K [0x00000000eab00000, 0x00000000f0e00000, 0x0000000100000000)
  eden space 94208K, 100% used [0x00000000eab00000,0x00000000f0700000,0x00000000f0700000)
  from space 3584K, 99% used [0x00000000f0700000,0x00000000f0a7c888,0x00000000f0a80000)
  to   space 3584K, 0% used [0x00000000f0a80000,0x00000000f0a80000,0x00000000f0e00000)
 ParOldGen       total 61440K, used 37159K [0x00000000c0000000, 0x00000000c3c00000, 0x00000000eab00000)
  object space 61440K, 60% used [0x00000000c0000000,0x00000000c2449d20,0x00000000c3c00000)
 Metaspace       used 8122K, capacity 8450K, committed 8576K, reserved 1056768K
  class space    used 775K, capacity 818K, committed 896K, reserved 1048576K
Event: 4.408 GC heap after
Heap after GC invocations=6 (full 0):
 PSYoungGen      total 97792K, used 3574K [0x00000000eab00000, 0x00000000f0e00000, 0x0000000100000000)
  eden space 94208K, 0% used [0x00000000eab00000,0x00000000eab00000,0x00000000f0700000)
  from space 3584K, 99% used [0x00000000f0a80000,0x00000000f0dfd9d0,0x00000000f0e00000)
  to   space 3584K, 0% used [0x00000000f0700000,0x00000000f0700000,0x00000000f0a80000)
 ParOldGen       total 61440K, used 38867K [0x00000000c0000000, 0x00000000c3c00000, 0x00000000eab00000)
  object space 61440K, 63% used [0x00000000c0000000,0x00000000c25f4e48,0x00000000c3c00000)
 Metaspace       used 8122K, capacity 8450K, committed 8576K, reserved 1056768K
  class space    used 775K, capacity 818K, committed 896K, reserved 1048576K
}
Event: 4.959 GC heap before
{Heap before GC invocations=7 (full 0):
 PSYoungGen      total 97792K, used 97782K [0x00000000eab00000, 0x00000000f0e00000, 0x0000000100000000)
  eden space 94208K, 100% used [0x00000000eab00000,0x00000000f0700000,0x00000000f0700000)
  from space 3584K, 99% used [0x00000000f0a80000,0x00000000f0dfd9d0,0x00000000f0e00000)
  to   space 3584K, 0% used [0x00000000f0700000,0x00000000f0700000,0x00000000f0a80000)
 ParOldGen       total 61440K, used 38867K [0x00000000c0000000, 0x00000000c3c00000, 0x00000000eab00000)
  object space 61440K, 63% used [0x00000000c0000000,0x00000000c25f4e48,0x00000000c3c00000)
 Metaspace       used 8246K, capacity 8456K, committed 8576K, reserved 1056768K
  class space    used 784K, capacity 819K, committed 896K, reserved 1048576K
Event: 4.976 GC heap after
Heap after GC invocations=7 (full 0):
 PSYoungGen      total 97792K, used 3580K [0x00000000eab00000, 0x00000000f0e00000, 0x0000000100000000)
  eden space 94208K, 0% used [0x00000000eab00000,0x00000000eab00000,0x00000000f0700000)
  from space 3584K, 99% used [0x00000000f0700000,0x00000000f0a7f318,0x00000000f0a80000)
  to   space 3584K, 0% used [0x00000000f0a80000,0x00000000f0a80000,0x00000000f0e00000)
 ParOldGen       total 61440K, used 43882K [0x00000000c0000000, 0x00000000c3c00000, 0x00000000eab00000)
  object space 61440K, 71% used [0x00000000c0000000,0x00000000c2adaa10,0x00000000c3c00000)
 Metaspace       used 8246K, capacity 8456K, committed 8576K, reserved 1056768K
  class space    used 784K, capacity 819K, committed 896K, reserved 1048576K
}
Event: 5.297 GC heap before
{Heap before GC invocations=8 (full 0):
 PSYoungGen      total 97792K, used 97788K [0x00000000eab00000, 0x00000000f0e00000, 0x0000000100000000)
  eden space 94208K, 100% used [0x00000000eab00000,0x00000000f0700000,0x00000000f0700000)
  from space 3584K, 99% used [0x00000000f0700000,0x00000000f0a7f318,0x00000000f0a80000)
  to   space 3584K, 0% used [0x00000000f0a80000,0x00000000f0a80000,0x00000000f0e00000)
 ParOldGen       total 61440K, used 43882K [0x00000000c0000000, 0x00000000c3c00000, 0x00000000eab00000)
  object space 61440K, 71% used [0x00000000c0000000,0x00000000c2adaa10,0x00000000c3c00000)
 Metaspace       used 8262K, capacity 8456K, committed 8576K, reserved 1056768K
  class space    used 784K, capacity 819K, committed 896K, reserved 1048576K
Event: 5.311 GC heap after
Heap after GC invocations=8 (full 0):
 PSYoungGen      total 81920K, used 3298K [0x00000000eab00000, 0x00000000f8900000, 0x0000000100000000)
  eden space 78336K, 0% used [0x00000000eab00000,0x00000000eab00000,0x00000000ef780000)
  from space 3584K, 92% used [0x00000000f0a80000,0x00000000f0db8810,0x00000000f0e00000)
  to   space 19456K, 0% used [0x00000000ef780000,0x00000000ef780000,0x00000000f0a80000)
 ParOldGen       total 61440K, used 48065K [0x00000000c0000000, 0x00000000c3c00000, 0x00000000eab00000)
  object space 61440K, 78% used [0x00000000c0000000,0x00000000c2ef0788,0x00000000c3c00000)
 Metaspace       used 8262K, capacity 8456K, committed 8576K, reserved 1056768K
  class space    used 784K, capacity 819K, committed 896K, reserved 1048576K
}
Event: 5.311 GC heap before
{Heap before GC invocations=9 (full 1):
 PSYoungGen      total 81920K, used 3298K [0x00000000eab00000, 0x00000000f8900000, 0x0000000100000000)
  eden space 78336K, 0% used [0x00000000eab00000,0x00000000eab00000,0x00000000ef780000)
  from space 3584K, 92% used [0x00000000f0a80000,0x00000000f0db8810,0x00000000f0e00000)
  to   space 19456K, 0% used [0x00000000ef780000,0x00000000ef780000,0x00000000f0a80000)
 ParOldGen       total 61440K, used 48065K [0x00000000c0000000, 0x00000000c3c00000, 0x00000000eab00000)
  object space 61440K, 78% used [0x00000000c0000000,0x00000000c2ef0788,0x00000000c3c00000)
 Metaspace       used 8262K, capacity 8456K, committed 8576K, reserved 1056768K
  class space    used 784K, capacity 819K, committed 896K, reserved 1048576K
Event: 5.537 GC heap after
Heap after GC invocations=9 (full 1):
 PSYoungGen      total 81920K, used 0K [0x00000000eab00000, 0x00000000f8900000, 0x0000000100000000)
  eden space 78336K, 0% used [0x00000000eab00000,0x00000000eab00000,0x00000000ef780000)
  from space 3584K, 0% used [0x00000000f0a80000,0x00000000f0a80000,0x00000000f0e00000)
  to   space 19456K, 0% used [0x00000000ef780000,0x00000000ef780000,0x00000000f0a80000)
 ParOldGen       total 61440K, used 31584K [0x00000000c0000000, 0x00000000c3c00000, 0x00000000eab00000)
  object space 61440K, 51% used [0x00000000c0000000,0x00000000c1ed8118,0x00000000c3c00000)
 Metaspace       used 8262K, capacity 8456K, committed 8576K, reserved 1056768K
  class space    used 784K, capacity 819K, committed 896K, reserved 1048576K
}

